<?xml version="1.0" encoding="UTF-8"?>
<!-- Generated by org.testng.reporters.JUnitReportReporter -->
<testsuite hostname="Admin" failures="0" tests="1" name="tests.LoginTests" time="17.610" errors="0" timestamp="2022-09-23T14:14:23 IST" skipped="0">
  <testcase classname="tests.LoginTests" name="validLoginTest" time="17.610"/>
  <system-out/>
</testsuite> <!-- tests.LoginTests -->
