<?xml version="1.0" encoding="UTF-8"?>
<!-- Generated by org.testng.reporters.JUnitReportReporter -->
<testsuite hostname="DESKTOP-UAJMCLF" failures="0" tests="3" name="tests.DecreaseProductQuantityTest" time="468.028" errors="0" timestamp="2022-12-02T17:08:13 IST" skipped="0">
  <testcase classname="tests.DecreaseProductQuantityTest" name="DecreaseQuantity" time="223.814"/>
  <system-out/>
  <testcase classname="tests.DecreaseProductQuantityTest" name="DecreaseQuantity" time="230.132"/>
  <system-out/>
  <testcase classname="tests.DecreaseProductQuantityTest" name="VerifyQuantity" time="14.082"/>
  <system-out/>
</testsuite> <!-- tests.DecreaseProductQuantityTest -->
