<?xml version="1.0" encoding="UTF-8"?>
<!-- Generated by org.testng.reporters.JUnitReportReporter -->
<testsuite hostname="DESKTOP-UAJMCLF" failures="0" tests="1" name="tests.LoginTests" time="18.004" errors="0" timestamp="2022-11-29T17:56:12 IST" skipped="0">
  <testcase classname="tests.LoginTests" name="validLoginTest" time="18.004"/>
  <system-out/>
</testsuite> <!-- tests.LoginTests -->
