<?xml version="1.0" encoding="UTF-8"?>
<!-- Generated by org.testng.reporters.JUnitReportReporter -->
<testsuite hostname="DESKTOP-UAJMCLF" failures="0" tests="2" name="tests.IncreaseProductQuantityTest" time="410.407" errors="0" timestamp="2022-12-02T17:08:13 IST" skipped="0">
  <testcase classname="tests.IncreaseProductQuantityTest" name="IncreaseQuantity" time="202.697"/>
  <system-out/>
  <testcase classname="tests.IncreaseProductQuantityTest" name="IncreaseQuantity" time="207.710"/>
  <system-out/>
</testsuite> <!-- tests.IncreaseProductQuantityTest -->
