<?xml version="1.0" encoding="UTF-8"?>
<!-- Generated by org.testng.reporters.JUnitReportReporter -->
<testsuite hostname="DESKTOP-UAJMCLF" failures="0" tests="1" name="tests.AddToCartProductTest" time="103.885" errors="0" timestamp="2022-12-01T17:44:47 IST" skipped="0">
  <testcase classname="tests.AddToCartProductTest" name="AddToCartProduct" time="103.885"/>
  <system-out/>
</testsuite> <!-- tests.AddToCartProductTest -->
