<?xml version="1.0" encoding="UTF-8"?>
<!-- Generated by org.testng.reporters.JUnitReportReporter -->
<testsuite hostname="LAPTOP-JSONPRPA" failures="0" tests="1" name="tests.PipelineTests" time="203.498" errors="0" timestamp="2022-07-29T11:50:59 IST" skipped="0">
  <testcase classname="tests.PipelineTests" name="CreatePipeline" time="203.498"/>
  <system-out/>
</testsuite> <!-- tests.PipelineTests -->
