<?xml version="1.0" encoding="UTF-8"?>
<!-- Generated by org.testng.reporters.JUnitReportReporter -->
<testsuite hostname="Admin" failures="0" tests="1" name="tests.AddNewCustomerTest" time="91.844" errors="0" timestamp="2022-09-30T12:48:56 IST" skipped="0">
  <testcase classname="tests.AddNewCustomerTest" name="AddingCustomer" time="91.844"/>
  <system-out/>
</testsuite> <!-- tests.AddNewCustomerTest -->
